{"/Users/Roi/Documents/Platzi/Master/O2-testing/PlatziTest/arrays.js": {"path":"/Users/Roi/Documents/Platzi/Master/O2-testing/PlatziTest/arrays.js","statementMap":{"0":{"start":{"line":1,"column":15},"end":{"line":1,"column":65}},"1":{"start":{"line":2,"column":15},"end":{"line":2,"column":60}},"2":{"start":{"line":4,"column":27},"end":{"line":4,"column":39}},"3":{"start":{"line":4,"column":33},"end":{"line":4,"column":39}},"4":{"start":{"line":5,"column":27},"end":{"line":5,"column":39}},"5":{"start":{"line":5,"column":33},"end":{"line":5,"column":39}}},"fnMap":{"0":{"name":"(anonymous_0)","decl":{"start":{"line":4,"column":27},"end":{"line":4,"column":28}},"loc":{"start":{"line":4,"column":33},"end":{"line":4,"column":39}},"line":4},"1":{"name":"(anonymous_1)","decl":{"start":{"line":5,"column":27},"end":{"line":5,"column":28}},"loc":{"start":{"line":5,"column":33},"end":{"line":5,"column":39}},"line":5}},"branchMap":{},"s":{"0":1,"1":1,"2":1,"3":3,"4":1,"5":1},"f":{"0":3,"1":1},"b":{},"_coverageSchema":"1a1c01bbd47fc00a2c39e90264f33305004495a9","hash":"c3cb6d4b674d3fd48ec40f8d673b25afe01dadb5"}
,"/Users/Roi/Documents/Platzi/Master/O2-testing/PlatziTest/maths.js": {"path":"/Users/Roi/Documents/Platzi/Master/O2-testing/PlatziTest/maths.js","statementMap":{"0":{"start":{"line":1,"column":21},"end":{"line":3,"column":1}},"1":{"start":{"line":2,"column":3},"end":{"line":2,"column":16}},"2":{"start":{"line":4,"column":27},"end":{"line":6,"column":1}},"3":{"start":{"line":5,"column":3},"end":{"line":5,"column":16}},"4":{"start":{"line":7,"column":22},"end":{"line":9,"column":1}},"5":{"start":{"line":8,"column":3},"end":{"line":8,"column":16}},"6":{"start":{"line":10,"column":23},"end":{"line":12,"column":1}},"7":{"start":{"line":11,"column":3},"end":{"line":11,"column":16}}},"fnMap":{"0":{"name":"(anonymous_0)","decl":{"start":{"line":1,"column":21},"end":{"line":1,"column":22}},"loc":{"start":{"line":1,"column":31},"end":{"line":3,"column":1}},"line":1},"1":{"name":"(anonymous_1)","decl":{"start":{"line":4,"column":27},"end":{"line":4,"column":28}},"loc":{"start":{"line":4,"column":37},"end":{"line":6,"column":1}},"line":4},"2":{"name":"(anonymous_2)","decl":{"start":{"line":7,"column":22},"end":{"line":7,"column":23}},"loc":{"start":{"line":7,"column":32},"end":{"line":9,"column":1}},"line":7},"3":{"name":"(anonymous_3)","decl":{"start":{"line":10,"column":23},"end":{"line":10,"column":24}},"loc":{"start":{"line":10,"column":33},"end":{"line":12,"column":1}},"line":10}},"branchMap":{},"s":{"0":1,"1":1,"2":1,"3":1,"4":1,"5":1,"6":1,"7":1},"f":{"0":1,"1":1,"2":1,"3":1},"b":{},"_coverageSchema":"1a1c01bbd47fc00a2c39e90264f33305004495a9","hash":"e47b929e6ee0bbe1048f5f2848a5297278639492"}
,"/Users/Roi/Documents/Platzi/Master/O2-testing/PlatziTest/numbers.js": {"path":"/Users/Roi/Documents/Platzi/Master/O2-testing/PlatziTest/numbers.js","statementMap":{"0":{"start":{"line":1,"column":23},"end":{"line":3,"column":1}},"1":{"start":{"line":2,"column":4},"end":{"line":2,"column":17}}},"fnMap":{"0":{"name":"(anonymous_0)","decl":{"start":{"line":1,"column":23},"end":{"line":1,"column":24}},"loc":{"start":{"line":1,"column":33},"end":{"line":3,"column":1}},"line":1}},"branchMap":{},"s":{"0":1,"1":5},"f":{"0":5},"b":{},"_coverageSchema":"1a1c01bbd47fc00a2c39e90264f33305004495a9","hash":"4fe318c5906ea30057391330b70b718be5cdbdc7"}
,"/Users/Roi/Documents/Platzi/Master/O2-testing/PlatziTest/true.js": {"path":"/Users/Roi/Documents/Platzi/Master/O2-testing/PlatziTest/true.js","statementMap":{"0":{"start":{"line":1,"column":22},"end":{"line":3,"column":1}},"1":{"start":{"line":2,"column":4},"end":{"line":2,"column":15}},"2":{"start":{"line":4,"column":22},"end":{"line":4,"column":32}},"3":{"start":{"line":4,"column":28},"end":{"line":4,"column":32}},"4":{"start":{"line":5,"column":23},"end":{"line":5,"column":34}},"5":{"start":{"line":5,"column":29},"end":{"line":5,"column":34}},"6":{"start":{"line":6,"column":27},"end":{"line":6,"column":42}},"7":{"start":{"line":6,"column":33},"end":{"line":6,"column":42}}},"fnMap":{"0":{"name":"(anonymous_0)","decl":{"start":{"line":1,"column":22},"end":{"line":1,"column":23}},"loc":{"start":{"line":1,"column":28},"end":{"line":3,"column":1}},"line":1},"1":{"name":"(anonymous_1)","decl":{"start":{"line":4,"column":22},"end":{"line":4,"column":23}},"loc":{"start":{"line":4,"column":28},"end":{"line":4,"column":32}},"line":4},"2":{"name":"(anonymous_2)","decl":{"start":{"line":5,"column":23},"end":{"line":5,"column":24}},"loc":{"start":{"line":5,"column":29},"end":{"line":5,"column":34}},"line":5},"3":{"name":"(anonymous_3)","decl":{"start":{"line":6,"column":27},"end":{"line":6,"column":28}},"loc":{"start":{"line":6,"column":33},"end":{"line":6,"column":42}},"line":6}},"branchMap":{},"s":{"0":1,"1":1,"2":1,"3":1,"4":1,"5":0,"6":1,"7":1},"f":{"0":1,"1":1,"2":0,"3":1},"b":{},"_coverageSchema":"1a1c01bbd47fc00a2c39e90264f33305004495a9","hash":"307c9f487289fd71062ecd22b2b431bfbfe13cc4"}
}
